Determining if the pthread_create exist failed with the following output:
Change Dir: /root/catkin_ws/build/CMakeFiles/CMakeTmp

Run Build Command:"/usr/bin/make" "cmTC_24d2a/fast"
/usr/bin/make -f CMakeFiles/cmTC_24d2a.dir/build.make CMakeFiles/cmTC_24d2a.dir/build
make[1]: Entering directory '/root/catkin_ws/build/CMakeFiles/CMakeTmp'
Building C object CMakeFiles/cmTC_24d2a.dir/CheckSymbolExists.c.o
/usr/bin/cc    -o CMakeFiles/cmTC_24d2a.dir/CheckSymbolExists.c.o   -c /root/catkin_ws/build/CMakeFiles/CMakeTmp/CheckSymbolExists.c
Linking C executable cmTC_24d2a
/usr/bin/cmake -E cmake_link_script CMakeFiles/cmTC_24d2a.dir/link.txt --verbose=1
/usr/bin/cc      -rdynamic CMakeFiles/cmTC_24d2a.dir/CheckSymbolExists.c.o  -o cmTC_24d2a 
CMakeFiles/cmTC_24d2a.dir/CheckSymbolExists.c.o: In function `main':
CheckSymbolExists.c:(.text+0x1b): undefined reference to `pthread_create'
collect2: error: ld returned 1 exit status
CMakeFiles/cmTC_24d2a.dir/build.make:97: recipe for target 'cmTC_24d2a' failed
make[1]: *** [cmTC_24d2a] Error 1
make[1]: Leaving directory '/root/catkin_ws/build/CMakeFiles/CMakeTmp'
Makefile:126: recipe for target 'cmTC_24d2a/fast' failed
make: *** [cmTC_24d2a/fast] Error 2

File /root/catkin_ws/build/CMakeFiles/CMakeTmp/CheckSymbolExists.c:
/* */
#include <pthread.h>

int main(int argc, char** argv)
{
  (void)argv;
#ifndef pthread_create
  return ((int*)(&pthread_create))[argc];
#else
  (void)argc;
  return 0;
#endif
}

Determining if the function pthread_create exists in the pthreads failed with the following output:
Change Dir: /root/catkin_ws/build/CMakeFiles/CMakeTmp

Run Build Command:"/usr/bin/make" "cmTC_e34fb/fast"
/usr/bin/make -f CMakeFiles/cmTC_e34fb.dir/build.make CMakeFiles/cmTC_e34fb.dir/build
make[1]: Entering directory '/root/catkin_ws/build/CMakeFiles/CMakeTmp'
Building C object CMakeFiles/cmTC_e34fb.dir/CheckFunctionExists.c.o
/usr/bin/cc   -DCHECK_FUNCTION_EXISTS=pthread_create   -o CMakeFiles/cmTC_e34fb.dir/CheckFunctionExists.c.o   -c /usr/share/cmake-3.10/Modules/CheckFunctionExists.c
Linking C executable cmTC_e34fb
/usr/bin/cmake -E cmake_link_script CMakeFiles/cmTC_e34fb.dir/link.txt --verbose=1
/usr/bin/cc  -DCHECK_FUNCTION_EXISTS=pthread_create    -rdynamic CMakeFiles/cmTC_e34fb.dir/CheckFunctionExists.c.o  -o cmTC_e34fb -lpthreads 
/usr/bin/ld: cannot find -lpthreads
collect2: error: ld returned 1 exit status
CMakeFiles/cmTC_e34fb.dir/build.make:97: recipe for target 'cmTC_e34fb' failed
make[1]: *** [cmTC_e34fb] Error 1
make[1]: Leaving directory '/root/catkin_ws/build/CMakeFiles/CMakeTmp'
Makefile:126: recipe for target 'cmTC_e34fb/fast' failed
make: *** [cmTC_e34fb/fast] Error 2


